## SLURM PROLOG ###############################################################
##    Job ID : 5319052
##  Job Name : =bybeam
##  Nodelist : node1946
##      CPUs : 1
## Directory : /oscar/home/chorvat/Code/compare_MIZ_width/compute_MIZ_width
##   Job Started : Tue Oct 22 01:46:32 PM EDT 2024
###############################################################################
MATLAB is selecting SOFTWARE OPENGL rendering.

                            < M A T L A B (R) >
                  Copyright 1984-2023 The MathWorks, Inc.
             R2023a Update 5 (9.14.0.2337262) 64-bit (glnxa64)
                               July 24, 2023

 
To get started, type doc.
For product information, visit www.mathworks.com.
 

OPTS = 

  struct with fields:

    track_folder: '/gpfs/data/epscor/chorvat/IS2/Data/All_Track_Data/v6/SH/'


OPTS = 

  struct with fields:

     track_folder: '/gpfs/data/epscor/chorvat/IS2/Data/All_Track_Data/v6/SH/'
      code_folder: '~/Code/compare_MIZ_width/'
    output_folder: '/gpfs/data/epscor/chorvat/IS2/Along_Track_Statistics/'

Number 1 of 23722 
Number 101 of 23722 
Number 201 of 23722 
Number 301 of 23722 
Number 401 of 23722 
Number 501 of 23722 
